# JRE version: OpenJDK Runtime Environment (15.0+36) (build 15+36-1562)
# Java VM: OpenJDK 64-Bit Server VM (15+36-1562, mixed mode, sharing, tiered, compressed oops, g1 gc, windows-amd64)
GC Precious Log:
 CPUs: 4 total, 4 available
 Memory: 8085M
 Large Page Support: Disabled
 NUMA Support: Disabled
 Compressed Oops: Enabled (32-bit)
 Heap Region Size: 1M
 Heap Min Capacity: 8M
 Heap Initial Capacity: 128M
 Heap Max Capacity: 2G
 Pre-touch: Disabled
 Parallel Workers: 4
 Concurrent Workers: 1
 Concurrent Refinement Workers: 4
 Periodic GC: Disabled
Heap:
 garbage-first heap   total 273408K, used 149122K [0x0000000080000000, 0x0000000100000000)
  region size 1024K, 22 young (22528K), 8 survivors (8192K)
 Metaspace       used 107232K, capacity 108864K, committed 109032K, reserved 1144832K
  class space    used 13508K, capacity 13944K, committed 13952K, reserved 1048576K
GC Heap History (20 events):
Event: 14.126 GC heap before
{Heap before GC invocations=19 (full 0):
 garbage-first heap   total 174080K, used 142628K [0x0000000080000000, 0x0000000100000000)
  region size 1024K, 56 young (57344K), 5 survivors (5120K)
 Metaspace       used 70805K, capacity 72029K, committed 72296K, reserved 1112064K
  class space    used 9231K, capacity 9619K, committed 9728K, reserved 1048576K
}
Event: 14.136 GC heap after
{Heap after GC invocations=20 (full 0):
 garbage-first heap   total 174080K, used 94257K [0x0000000080000000, 0x0000000100000000)
  region size 1024K, 4 young (4096K), 4 survivors (4096K)
 Metaspace       used 70805K, capacity 72029K, committed 72296K, reserved 1112064K
  class space    used 9231K, capacity 9619K, committed 9728K, reserved 1048576K
}
Event: 14.860 GC heap before
{Heap before GC invocations=21 (full 0):
 garbage-first heap   total 174080K, used 129073K [0x0000000080000000, 0x0000000100000000)
  region size 1024K, 39 young (39936K), 4 survivors (4096K)
 Metaspace       used 74920K, capacity 76159K, committed 76392K, reserved 1116160K
  class space    used 9805K, capacity 10175K, committed 10240K, reserved 1048576K
}
Event: 14.869 GC heap after
{Heap after GC invocations=22 (full 0):
 garbage-first heap   total 174080K, used 96088K [0x0000000080000000, 0x0000000100000000)
  region size 1024K, 6 young (6144K), 6 survivors (6144K)
 Metaspace       used 74920K, capacity 76159K, committed 76392K, reserved 1116160K
  class space    used 9805K, capacity 10175K, committed 10240K, reserved 1048576K
}
Event: 15.783 GC heap before
{Heap before GC invocations=23 (full 0):
 garbage-first heap   total 188416K, used 150360K [0x0000000080000000, 0x0000000100000000)
  region size 1024K, 51 young (52224K), 6 survivors (6144K)
 Metaspace       used 77868K, capacity 79076K, committed 79208K, reserved 1118208K
  class space    used 10083K, capacity 10457K, committed 10496K, reserved 1048576K
}
Event: 15.797 GC heap after
{Heap after GC invocations=24 (full 0):
 garbage-first heap   total 188416K, used 113197K [0x0000000080000000, 0x0000000100000000)
  region size 1024K, 7 young (7168K), 7 survivors (7168K)
 Metaspace       used 77868K, capacity 79076K, committed 79208K, reserved 1118208K
  class space    used 10083K, capacity 10457K, committed 10496K, reserved 1048576K
}
Event: 15.927 GC heap before
{Heap before GC invocations=24 (full 0):
 garbage-first heap   total 188416K, used 120365K [0x0000000080000000, 0x0000000100000000)
  region size 1024K, 16 young (16384K), 7 survivors (7168K)
 Metaspace       used 79244K, capacity 80528K, committed 80616K, reserved 1120256K
  class space    used 10238K, capacity 10619K, committed 10624K, reserved 1048576K
}
Event: 15.934 GC heap after
{Heap after GC invocations=25 (full 0):
 garbage-first heap   total 188416K, used 115409K [0x0000000080000000, 0x0000000100000000)
  region size 1024K, 2 young (2048K), 2 survivors (2048K)
 Metaspace       used 79244K, capacity 80528K, committed 80616K, reserved 1120256K
  class space    used 10238K, capacity 10619K, committed 10624K, reserved 1048576K
}
Event: 16.944 GC heap before
{Heap before GC invocations=26 (full 0):
 garbage-first heap   total 209920K, used 158417K [0x0000000080000000, 0x0000000100000000)
  region size 1024K, 43 young (44032K), 2 survivors (2048K)
 Metaspace       used 86867K, capacity 88153K, committed 88424K, reserved 1126400K
  class space    used 11128K, capacity 11504K, committed 11520K, reserved 1048576K
}
Event: 16.949 GC heap after
{Heap after GC invocations=27 (full 0):
 garbage-first heap   total 209920K, used 116198K [0x0000000080000000, 0x0000000100000000)
  region size 1024K, 3 young (3072K), 3 survivors (3072K)
 Metaspace       used 86867K, capacity 88153K, committed 88424K, reserved 1126400K
  class space    used 11128K, capacity 11504K, committed 11520K, reserved 1048576K
}
Event: 17.936 GC heap before
{Heap before GC invocations=27 (full 0):
 garbage-first heap   total 209920K, used 168422K [0x0000000080000000, 0x0000000100000000)
  region size 1024K, 55 young (56320K), 3 survivors (3072K)
 Metaspace       used 90059K, capacity 91498K, committed 91752K, reserved 1128448K
  class space    used 11554K, capacity 11969K, committed 12032K, reserved 1048576K
}
Event: 17.949 GC heap after
{Heap after GC invocations=28 (full 0):
 garbage-first heap   total 209920K, used 120833K [0x0000000080000000, 0x0000000100000000)
  region size 1024K, 7 young (7168K), 7 survivors (7168K)
 Metaspace       used 90059K, capacity 91498K, committed 91752K, reserved 1128448K
  class space    used 11554K, capacity 11969K, committed 12032K, reserved 1048576K
}
Event: 19.236 GC heap before
{Heap before GC invocations=29 (full 0):
 garbage-first heap   total 215040K, used 171009K [0x0000000080000000, 0x0000000100000000)
  region size 1024K, 57 young (58368K), 7 survivors (7168K)
 Metaspace       used 91233K, capacity 92593K, committed 92904K, reserved 1130496K
  class space    used 11677K, capacity 12098K, committed 12160K, reserved 1048576K
}
Event: 19.254 GC heap after
{Heap after GC invocations=30 (full 0):
 garbage-first heap   total 215040K, used 124319K [0x0000000080000000, 0x0000000100000000)
  region size 1024K, 4 young (4096K), 4 survivors (4096K)
 Metaspace       used 91233K, capacity 92593K, committed 92904K, reserved 1130496K
  class space    used 11677K, capacity 12098K, committed 12160K, reserved 1048576K
}
Event: 20.264 GC heap before
{Heap before GC invocations=30 (full 0):
 garbage-first heap   total 215040K, used 177567K [0x0000000080000000, 0x0000000100000000)
  region size 1024K, 56 young (57344K), 4 survivors (4096K)
 Metaspace       used 95974K, capacity 97406K, committed 97640K, reserved 1134592K
  class space    used 12289K, capacity 12715K, committed 12800K, reserved 1048576K
}
Event: 20.275 GC heap after
{Heap after GC invocations=31 (full 0):
 garbage-first heap   total 215040K, used 127385K [0x0000000080000000, 0x0000000100000000)
  region size 1024K, 7 young (7168K), 7 survivors (7168K)
 Metaspace       used 95974K, capacity 97406K, committed 97640K, reserved 1134592K
  class space    used 12289K, capacity 12715K, committed 12800K, reserved 1048576K
}
Event: 21.265 GC heap before
{Heap before GC invocations=32 (full 0):
 garbage-first heap   total 227328K, used 176537K [0x0000000080000000, 0x0000000100000000)
  region size 1024K, 56 young (57344K), 7 survivors (7168K)
 Metaspace       used 101086K, capacity 102437K, committed 102504K, reserved 1138688K
  class space    used 12917K, capacity 13301K, committed 13312K, reserved 1048576K
}
Event: 21.280 GC heap after
{Heap after GC invocations=33 (full 0):
 garbage-first heap   total 227328K, used 131096K [0x0000000080000000, 0x0000000100000000)
  region size 1024K, 7 young (7168K), 7 survivors (7168K)
 Metaspace       used 101086K, capacity 102437K, committed 102504K, reserved 1138688K
  class space    used 12917K, capacity 13301K, committed 13312K, reserved 1048576K
}
Event: 260.347 GC heap before
{Heap before GC invocations=33 (full 0):
 garbage-first heap   total 227328K, used 187416K [0x0000000080000000, 0x0000000100000000)
  region size 1024K, 63 young (64512K), 7 survivors (7168K)
 Metaspace       used 107121K, capacity 108736K, committed 108776K, reserved 1144832K
  class space    used 13508K, capacity 13944K, committed 13952K, reserved 1048576K
}
Event: 260.364 GC heap after
{Heap after GC invocations=34 (full 0):
 garbage-first heap   total 273408K, used 135810K [0x0000000080000000, 0x0000000100000000)
  region size 1024K, 8 young (8192K), 8 survivors (8192K)
 Metaspace       used 107121K, capacity 108736K, committed 108776K, reserved 1144832K
  class space    used 13508K, capacity 13944K, committed 13952K, reserved 1048576K
}

