# JRE version: OpenJDK Runtime Environment (15.0+36) (build 15+36-1562)
# Java VM: OpenJDK 64-Bit Server VM (15+36-1562, mixed mode, sharing, tiered, compressed oops, g1 gc, windows-amd64)
GC Precious Log:
 CPUs: 4 total, 4 available
 Memory: 8085M
 Large Page Support: Disabled
 NUMA Support: Disabled
 Compressed Oops: Enabled (32-bit)
 Heap Region Size: 1M
 Heap Min Capacity: 8M
 Heap Initial Capacity: 128M
 Heap Max Capacity: 2G
 Pre-touch: Disabled
 Parallel Workers: 4
 Concurrent Workers: 1
 Concurrent Refinement Workers: 4
 Periodic GC: Disabled
Heap:
 garbage-first heap   total 316416K, used 168127K [0x0000000080000000, 0x0000000100000000)
  region size 1024K, 22 young (22528K), 10 survivors (10240K)
 Metaspace       used 118991K, capacity 120940K, committed 121168K, reserved 1155072K
  class space    used 14662K, capacity 15261K, committed 15360K, reserved 1048576K
GC Heap History (20 events):
Event: 110.736 GC heap before
{Heap before GC invocations=63 (full 0):
 garbage-first heap   total 227328K, used 189816K [0x0000000080000000, 0x0000000100000000)
  region size 1024K, 63 young (64512K), 6 survivors (6144K)
 Metaspace       used 101334K, capacity 102745K, committed 102864K, reserved 1138688K
  class space    used 12734K, capacity 13168K, committed 13184K, reserved 1048576K
}
Event: 110.753 GC heap after
{Heap after GC invocations=64 (full 0):
 garbage-first heap   total 227328K, used 137937K [0x0000000080000000, 0x0000000100000000)
  region size 1024K, 8 young (8192K), 8 survivors (8192K)
 Metaspace       used 101334K, capacity 102745K, committed 102864K, reserved 1138688K
  class space    used 12734K, capacity 13168K, committed 13184K, reserved 1048576K
}
Event: 113.087 GC heap before
{Heap before GC invocations=65 (full 0):
 garbage-first heap   total 244736K, used 189136K [0x0000000080000000, 0x0000000100000000)
  region size 1024K, 59 young (60416K), 8 survivors (8192K)
 Metaspace       used 101426K, capacity 102809K, committed 102864K, reserved 1138688K
  class space    used 12734K, capacity 13168K, committed 13184K, reserved 1048576K
}
Event: 113.103 GC heap after
{Heap after GC invocations=66 (full 0):
 garbage-first heap   total 244736K, used 140754K [0x0000000080000000, 0x0000000100000000)
  region size 1024K, 4 young (4096K), 4 survivors (4096K)
 Metaspace       used 101426K, capacity 102809K, committed 102864K, reserved 1138688K
  class space    used 12734K, capacity 13168K, committed 13184K, reserved 1048576K
}
Event: 115.100 GC heap before
{Heap before GC invocations=66 (full 0):
 garbage-first heap   total 244736K, used 203218K [0x0000000080000000, 0x0000000100000000)
  region size 1024K, 66 young (67584K), 4 survivors (4096K)
 Metaspace       used 103056K, capacity 104558K, committed 104656K, reserved 1140736K
  class space    used 12909K, capacity 13364K, committed 13440K, reserved 1048576K
}
Event: 115.112 GC heap after
{Heap after GC invocations=67 (full 0):
 garbage-first heap   total 244736K, used 143437K [0x0000000080000000, 0x0000000100000000)
  region size 1024K, 7 young (7168K), 7 survivors (7168K)
 Metaspace       used 103056K, capacity 104558K, committed 104656K, reserved 1140736K
  class space    used 12909K, capacity 13364K, committed 13440K, reserved 1048576K
}
Event: 115.810 GC heap before
{Heap before GC invocations=68 (full 0):
 garbage-first heap   total 252928K, used 157773K [0x0000000080000000, 0x0000000100000000)
  region size 1024K, 23 young (23552K), 7 survivors (7168K)
 Metaspace       used 103261K, capacity 104695K, committed 104912K, reserved 1140736K
  class space    used 12921K, capacity 13366K, committed 13440K, reserved 1048576K
}
Event: 115.820 GC heap after
{Heap after GC invocations=69 (full 0):
 garbage-first heap   total 252928K, used 144130K [0x0000000080000000, 0x0000000100000000)
  region size 1024K, 6 young (6144K), 6 survivors (6144K)
 Metaspace       used 103261K, capacity 104695K, committed 104912K, reserved 1140736K
  class space    used 12921K, capacity 13366K, committed 13440K, reserved 1048576K
}
Event: 116.621 GC heap before
{Heap before GC invocations=70 (full 0):
 garbage-first heap   total 271360K, used 212738K [0x0000000080000000, 0x0000000100000000)
  region size 1024K, 71 young (72704K), 6 survivors (6144K)
 Metaspace       used 103639K, capacity 105047K, committed 105168K, reserved 1140736K
  class space    used 12938K, capacity 13398K, committed 13440K, reserved 1048576K
}
Event: 116.630 GC heap after
{Heap after GC invocations=71 (full 0):
 garbage-first heap   total 271360K, used 149166K [0x0000000080000000, 0x0000000100000000)
  region size 1024K, 5 young (5120K), 5 survivors (5120K)
 Metaspace       used 103639K, capacity 105047K, committed 105168K, reserved 1140736K
  class space    used 12938K, capacity 13398K, committed 13440K, reserved 1048576K
}
Event: 117.154 GC heap before
{Heap before GC invocations=71 (full 0):
 garbage-first heap   total 271360K, used 220846K [0x0000000080000000, 0x0000000100000000)
  region size 1024K, 75 young (76800K), 5 survivors (5120K)
 Metaspace       used 103641K, capacity 105047K, committed 105168K, reserved 1140736K
  class space    used 12938K, capacity 13398K, committed 13440K, reserved 1048576K
}
Event: 117.159 GC heap after
{Heap after GC invocations=72 (full 0):
 garbage-first heap   total 271360K, used 149331K [0x0000000080000000, 0x0000000100000000)
  region size 1024K, 5 young (5120K), 5 survivors (5120K)
 Metaspace       used 103641K, capacity 105047K, committed 105168K, reserved 1140736K
  class space    used 12938K, capacity 13398K, committed 13440K, reserved 1048576K
}
Event: 117.769 GC heap before
{Heap before GC invocations=73 (full 0):
 garbage-first heap   total 316416K, used 223059K [0x0000000080000000, 0x0000000100000000)
  region size 1024K, 77 young (78848K), 5 survivors (5120K)
 Metaspace       used 103659K, capacity 105047K, committed 105168K, reserved 1140736K
  class space    used 12939K, capacity 13398K, committed 13440K, reserved 1048576K
}
Event: 117.777 GC heap after
{Heap after GC invocations=74 (full 0):
 garbage-first heap   total 316416K, used 149513K [0x0000000080000000, 0x0000000100000000)
  region size 1024K, 5 young (5120K), 5 survivors (5120K)
 Metaspace       used 103659K, capacity 105047K, committed 105168K, reserved 1140736K
  class space    used 12939K, capacity 13398K, committed 13440K, reserved 1048576K
}
Event: 119.471 GC heap before
{Heap before GC invocations=74 (full 0):
 garbage-first heap   total 316416K, used 248841K [0x0000000080000000, 0x0000000100000000)
  region size 1024K, 103 young (105472K), 5 survivors (5120K)
 Metaspace       used 108226K, capacity 109691K, committed 109904K, reserved 1144832K
  class space    used 13551K, capacity 14044K, committed 14080K, reserved 1048576K
}
Event: 119.480 GC heap after
{Heap after GC invocations=75 (full 0):
 garbage-first heap   total 316416K, used 147885K [0x0000000080000000, 0x0000000100000000)
  region size 1024K, 5 young (5120K), 5 survivors (5120K)
 Metaspace       used 108226K, capacity 109691K, committed 109904K, reserved 1144832K
  class space    used 13551K, capacity 14044K, committed 14080K, reserved 1048576K
}
Event: 123.102 GC heap before
{Heap before GC invocations=76 (full 0):
 garbage-first heap   total 316416K, used 251309K [0x0000000080000000, 0x0000000100000000)
  region size 1024K, 107 young (109568K), 5 survivors (5120K)
 Metaspace       used 117107K, capacity 118739K, committed 118864K, reserved 1153024K
  class space    used 14536K, capacity 15063K, committed 15104K, reserved 1048576K
}
Event: 123.120 GC heap after
{Heap after GC invocations=77 (full 0):
 garbage-first heap   total 316416K, used 153005K [0x0000000080000000, 0x0000000100000000)
  region size 1024K, 10 young (10240K), 10 survivors (10240K)
 Metaspace       used 117107K, capacity 118739K, committed 118864K, reserved 1153024K
  class space    used 14536K, capacity 15063K, committed 15104K, reserved 1048576K
}
Event: 834.002 GC heap before
{Heap before GC invocations=77 (full 0):
 garbage-first heap   total 316416K, used 254381K [0x0000000080000000, 0x0000000100000000)
  region size 1024K, 110 young (112640K), 10 survivors (10240K)
 Metaspace       used 118680K, capacity 120508K, committed 120784K, reserved 1155072K
  class space    used 14635K, capacity 15181K, committed 15232K, reserved 1048576K
}
Event: 834.024 GC heap after
{Heap after GC invocations=78 (full 0):
 garbage-first heap   total 316416K, used 156863K [0x0000000080000000, 0x0000000100000000)
  region size 1024K, 10 young (10240K), 10 survivors (10240K)
 Metaspace       used 118680K, capacity 120508K, committed 120784K, reserved 1155072K
  class space    used 14635K, capacity 15181K, committed 15232K, reserved 1048576K
}

